<?xml version="1.0" encoding="UTF-8"?>
<!-- Generated by org.testng.reporters.JUnitReportReporter -->
<testsuite hostname="DESKTOP-9VP6E9C" failures="0" tests="6" name="FactoryImplementation.testclass" time="0.013" errors="0" timestamp="14 May 2022 12:27:40 GMT" skipped="0">
  <testcase classname="FactoryImplementation.testclass" name="f2" time="0.000"/>
  <testcase classname="FactoryImplementation.testclass" name="f3" time="0.000"/>
  <testcase classname="FactoryImplementation.testclass" name="f3" time="0.001"/>
  <testcase classname="FactoryImplementation.testclass" name="f2" time="0.000"/>
  <testcase classname="FactoryImplementation.testclass" name="f1" time="0.002"/>
  <testcase classname="FactoryImplementation.testclass" name="f1" time="0.010"/>
</testsuite> <!-- FactoryImplementation.testclass -->
