<?xml version="1.0" encoding="UTF-8"?>
<!-- Generated by org.testng.reporters.JUnitReportReporter -->
<testsuite hostname="DESKTOP-9VP6E9C" failures="0" tests="4" name="Practice.dropdown" time="52.496" errors="0" timestamp="13 Feb 2022 13:12:13 GMT" skipped="0">
  <testcase classname="Practice.dropdown" name="testcase3" time="15.796"/>
  <testcase classname="Practice.dropdown" name="testcase1" time="15.233"/>
  <testcase classname="Practice.dropdown" name="testcase2" time="15.245"/>
  <testcase classname="Practice.dropdown" name="testcase4" time="6.222"/>
</testsuite> <!-- Practice.dropdown -->
