<?xml version="1.0" encoding="UTF-8"?>
<!-- Generated by org.testng.reporters.JUnitReportReporter -->
<testsuite hostname="DESKTOP-9VP6E9C" failures="0" tests="1" name="PropertiesDEmo.demo" time="0.018" errors="0" timestamp="14 May 2022 12:44:05 GMT" skipped="0">
  <testcase classname="PropertiesDEmo.demo" name="testcase1" time="0.018"/>
</testsuite> <!-- PropertiesDEmo.demo -->
