<?xml version="1.0" encoding="UTF-8"?>
<!-- Generated by org.testng.reporters.JUnitReportReporter -->
<testsuite hostname="DESKTOP-9VP6E9C" failures="0" tests="1" name="ExcelsheetDemo.sheetDemo" time="0.581" errors="0" timestamp="22 May 2022 12:43:49 GMT" skipped="0">
  <testcase classname="ExcelsheetDemo.sheetDemo" name="demo1" time="0.581"/>
</testsuite> <!-- ExcelsheetDemo.sheetDemo -->
