<?xml version="1.0" encoding="UTF-8"?>
<!-- Generated by org.testng.reporters.JUnitReportReporter -->
<testsuite hostname="DESKTOP-9VP6E9C" failures="0" tests="4" name="Practice.Alerts" time="132.829" errors="0" timestamp="13 Feb 2022 14:58:02 GMT" skipped="0">
  <testcase classname="Practice.Alerts" name="confirmation1" time="33.682"/>
  <testcase classname="Practice.Alerts" name="confirmation2" time="33.319"/>
  <testcase classname="Practice.Alerts" name="prompt" time="32.617"/>
  <testcase classname="Practice.Alerts" name="simple" time="33.211"/>
</testsuite> <!-- Practice.Alerts -->
