<?xml version="1.0" encoding="UTF-8"?>
<!-- Generated by org.testng.reporters.JUnitReportReporter -->
<testsuite hostname="DESKTOP-9VP6E9C" failures="0" tests="1" name="Downloadfiles.Downloaddemo" time="10.331" errors="0" timestamp="21 Apr 2022 04:29:35 GMT" skipped="0">
  <testcase classname="Downloadfiles.Downloaddemo" name="download" time="10.331"/>
</testsuite> <!-- Downloadfiles.Downloaddemo -->
