<?xml version="1.0" encoding="UTF-8"?>
<!-- Generated by org.testng.reporters.JUnitReportReporter -->
<testsuite hostname="DESKTOP-9VP6E9C" failures="0" tests="1" name="DataProvider.dropdown" time="25.240" errors="0" timestamp="05 Apr 2022 14:47:28 GMT" skipped="0">
  <testcase classname="DataProvider.dropdown" name="dropdown" time="25.240"/>
</testsuite> <!-- DataProvider.dropdown -->
