<?xml version="1.0" encoding="UTF-8"?>
<!-- Generated by org.testng.reporters.JUnitReportReporter -->
<testsuite hostname="DESKTOP-9VP6E9C" failures="0" tests="2" name="Practice.actiondemo" time="55.216" errors="0" timestamp="13 Feb 2022 13:56:29 GMT" skipped="0">
  <testcase classname="Practice.actiondemo" name="testcase1" time="27.539"/>
  <testcase classname="Practice.actiondemo" name="testcase2" time="27.677"/>
</testsuite> <!-- Practice.actiondemo -->
