<?xml version="1.0" encoding="UTF-8"?>
<!-- Generated by org.testng.reporters.JUnitReportReporter -->
<testsuite hostname="DESKTOP-9VP6E9C" failures="0" tests="2" name="DataProvider.dataproviderdemo" time="0.007" errors="0" timestamp="03 Jun 2022 14:06:18 GMT" skipped="0">
  <testcase classname="DataProvider.dataproviderdemo" name="run" time="0.001"/>
  <testcase classname="DataProvider.dataproviderdemo" name="run" time="0.006"/>
</testsuite> <!-- DataProvider.dataproviderdemo -->
